Drill report for robot.kicad_pcb
Created on 2026-05-25T12:28:14

Copper Layer Stackup:
    =============================================================
    L1 :  F.Cu                      front
    L2 :  In1.Cu                    in1
    L3 :  In2.Cu                    in2
    L4 :  B.Cu                      back


Drill file 'robot-PTH-drl.gbr' contains
    plated through holes:
    =============================================================
    T1  0.300mm  0.0118"  (308 holes))
    T2  0.400mm  0.0157"  (1 hole)
    T3  0.600mm  0.0236"  (4 holes)  (with 4 slots)
    T4  0.950mm  0.0374"  (3 holes))
    T5  1.000mm  0.0394"  (21 holes))
    T6  1.270mm  0.0500"  (2 holes))
    T7  1.300mm  0.0512"  (8 holes))

    Total plated holes count 347


Drill file 'robot-NPTH-drl.gbr' contains
    unplated through holes:
    =============================================================
    T1  0.650mm  0.0256"  (2 holes))
    T2  3.200mm  0.1260"  (4 holes))

    Total unplated holes count 6
